<?xml version="1.0" encoding="UTF-8"?>
<!-- Generated by org.testng.reporters.JUnitXMLReporter -->
<testsuite hostname="DESKTOP-0VKIN4N" ignored="0" name="Default test" tests="4" failures="0" timestamp="2020-06-21T17:44:19 IST" time="69.834" errors="0">
  <testcase name="loginAdmin" time="15.776" classname="com.clearcode.testsuite.TestSuite1"/>
  <testcase name="loginAdmin" time="12.415" classname="com.clearcode.testsuite.TestSuite1"/>
  <testcase name="loginAdmin" time="12.415" classname="com.clearcode.testsuite.TestSuite1"/>
  <testcase name="loginAdmin" time="13.02" classname="com.clearcode.testsuite.TestSuite1"/>
</testsuite> <!-- Default test -->
